<?xml version="1.0" encoding="utf-8"?>
<test-run id="2" duration="0.006203" testcasecount="1" total="1" passed="1" failed="0" inconclusive="0" skipped="0" result="Passed" start-time="2020-02-26T 20:49:59Z" end-time="2020-02-26T 20:50:00Z">
  <test-suite type="Assembly" name="Wordki.Tests.EndToEnd.dll" fullname="C:\Users\kamil\Documents\src\vesper_wordki\server\tests\Wordki.Tests.EndToEnd\bin\Debug\netcoreapp3.1\Wordki.Tests.EndToEnd.dll" total="1" passed="1" failed="0" inconclusive="0" skipped="0" result="Passed" duration="0.006203">
    <test-suite type="TestSuite" name="Wordki" fullname="Wordki" total="1" passed="1" failed="0" inconclusive="0" skipped="0" result="Passed" duration="0.006203">
      <test-suite type="TestSuite" name="Tests" fullname="Wordki.Tests" total="1" passed="1" failed="0" inconclusive="0" skipped="0" result="Passed" duration="0.006203">
        <test-suite type="TestSuite" name="EndToEnd" fullname="Wordki.Tests.EndToEnd" total="1" passed="1" failed="0" inconclusive="0" skipped="0" result="Passed" duration="0.006203">
          <test-suite type="TestFixture" name="Test" fullname="Wordki.Tests.EndToEnd.Test" total="1" passed="1" failed="0" inconclusive="0" skipped="0" result="Passed" duration="0.006203">
            <test-case name="Test_1" fullname="Wordki.Tests.EndToEnd.Test.Test_1" methodname="Test_1" classname="Wordki.Tests.EndToEnd.Test" result="Passed" duration="0.006203" asserts="0" />
          </test-suite>
        </test-suite>
      </test-suite>
    </test-suite>
    <errors />
  </test-suite>
</test-run>